# JRE version: Java(TM) SE Runtime Environment (8.0_112-b15) (build 1.8.0_112-b15)
# Java VM: Java HotSpot(TM) 64-Bit Server VM (25.112-b15 mixed mode windows-amd64 compressed oops)
Heap:
 PSYoungGen      total 59904K, used 43733K [0x00000000d5f00000, 0x00000000da400000, 0x0000000100000000)
  eden space 49152K, 73% used [0x00000000d5f00000,0x00000000d8271c40,0x00000000d8f00000)
  from space 10752K, 69% used [0x00000000d9980000,0x00000000da0c3b70,0x00000000da400000)
  to   space 10752K, 0% used [0x00000000d8f00000,0x00000000d8f00000,0x00000000d9980000)
 ParOldGen       total 53248K, used 8654K [0x0000000081c00000, 0x0000000085000000, 0x00000000d5f00000)
  object space 53248K, 16% used [0x0000000081c00000,0x00000000824738c8,0x0000000085000000)
 Metaspace       used 30223K, capacity 31050K, committed 31232K, reserved 1075200K
  class space    used 4184K, capacity 4526K, committed 4608K, reserved 1048576K
GC Heap History (10 events):
Event: 9.337 GC heap before
{Heap before GC invocations=5 (full 0):
 PSYoungGen      total 38400K, used 19057K [0x00000000d5f00000, 0x00000000d8980000, 0x0000000100000000)
  eden space 33280K, 41% used [0x00000000d5f00000,0x00000000d6ca4498,0x00000000d7f80000)
  from space 5120K, 99% used [0x00000000d8480000,0x00000000d8978030,0x00000000d8980000)
  to   space 5120K, 0% used [0x00000000d7f80000,0x00000000d7f80000,0x00000000d8480000)
 ParOldGen       total 87552K, used 8888K [0x0000000081c00000, 0x0000000087180000, 0x00000000d5f00000)
  object space 87552K, 10% used [0x0000000081c00000,0x00000000824ae3c0,0x0000000087180000)
 Metaspace       used 20720K, capacity 21066K, committed 21248K, reserved 1067008K
  class space    used 2871K, capacity 3000K, committed 3072K, reserved 1048576K
Event: 9.359 GC heap after
Heap after GC invocations=5 (full 0):
 PSYoungGen      total 38400K, used 5104K [0x00000000d5f00000, 0x00000000d8980000, 0x0000000100000000)
  eden space 33280K, 0% used [0x00000000d5f00000,0x00000000d5f00000,0x00000000d7f80000)
  from space 5120K, 99% used [0x00000000d7f80000,0x00000000d847c030,0x00000000d8480000)
  to   space 5120K, 0% used [0x00000000d8480000,0x00000000d8480000,0x00000000d8980000)
 ParOldGen       total 87552K, used 10528K [0x0000000081c00000, 0x0000000087180000, 0x00000000d5f00000)
  object space 87552K, 12% used [0x0000000081c00000,0x0000000082648088,0x0000000087180000)
 Metaspace       used 20720K, capacity 21066K, committed 21248K, reserved 1067008K
  class space    used 2871K, capacity 3000K, committed 3072K, reserved 1048576K
}
Event: 9.359 GC heap before
{Heap before GC invocations=6 (full 1):
 PSYoungGen      total 38400K, used 5104K [0x00000000d5f00000, 0x00000000d8980000, 0x0000000100000000)
  eden space 33280K, 0% used [0x00000000d5f00000,0x00000000d5f00000,0x00000000d7f80000)
  from space 5120K, 99% used [0x00000000d7f80000,0x00000000d847c030,0x00000000d8480000)
  to   space 5120K, 0% used [0x00000000d8480000,0x00000000d8480000,0x00000000d8980000)
 ParOldGen       total 87552K, used 10528K [0x0000000081c00000, 0x0000000087180000, 0x00000000d5f00000)
  object space 87552K, 12% used [0x0000000081c00000,0x0000000082648088,0x0000000087180000)
 Metaspace       used 20720K, capacity 21066K, committed 21248K, reserved 1067008K
  class space    used 2871K, capacity 3000K, committed 3072K, reserved 1048576K
Event: 9.432 GC heap after
Heap after GC invocations=6 (full 1):
 PSYoungGen      total 38400K, used 0K [0x00000000d5f00000, 0x00000000d8980000, 0x0000000100000000)
  eden space 33280K, 0% used [0x00000000d5f00000,0x00000000d5f00000,0x00000000d7f80000)
  from space 5120K, 0% used [0x00000000d7f80000,0x00000000d7f80000,0x00000000d8480000)
  to   space 5120K, 0% used [0x00000000d8480000,0x00000000d8480000,0x00000000d8980000)
 ParOldGen       total 53248K, used 8566K [0x0000000081c00000, 0x0000000085000000, 0x00000000d5f00000)
  object space 53248K, 16% used [0x0000000081c00000,0x000000008245d8b8,0x0000000085000000)
 Metaspace       used 20720K, capacity 21066K, committed 21248K, reserved 1067008K
  class space    used 2871K, capacity 3000K, committed 3072K, reserved 1048576K
}
Event: 10.013 GC heap before
{Heap before GC invocations=7 (full 1):
 PSYoungGen      total 38400K, used 33280K [0x00000000d5f00000, 0x00000000d8980000, 0x0000000100000000)
  eden space 33280K, 100% used [0x00000000d5f00000,0x00000000d7f80000,0x00000000d7f80000)
  from space 5120K, 0% used [0x00000000d7f80000,0x00000000d7f80000,0x00000000d8480000)
  to   space 5120K, 0% used [0x00000000d8480000,0x00000000d8480000,0x00000000d8980000)
 ParOldGen       total 53248K, used 8566K [0x0000000081c00000, 0x0000000085000000, 0x00000000d5f00000)
  object space 53248K, 16% used [0x0000000081c00000,0x000000008245d8b8,0x0000000085000000)
 Metaspace       used 24835K, capacity 25358K, committed 25728K, reserved 1071104K
  class space    used 3435K, capacity 3663K, committed 3712K, reserved 1048576K
Event: 10.019 GC heap after
Heap after GC invocations=7 (full 1):
 PSYoungGen      total 33280K, used 4026K [0x00000000d5f00000, 0x00000000dad80000, 0x0000000100000000)
  eden space 28160K, 0% used [0x00000000d5f00000,0x00000000d5f00000,0x00000000d7a80000)
  from space 5120K, 78% used [0x00000000d8480000,0x00000000d886e940,0x00000000d8980000)
  to   space 10240K, 0% used [0x00000000d7a80000,0x00000000d7a80000,0x00000000d8480000)
 ParOldGen       total 53248K, used 8574K [0x0000000081c00000, 0x0000000085000000, 0x00000000d5f00000)
  object space 53248K, 16% used [0x0000000081c00000,0x000000008245f8b8,0x0000000085000000)
 Metaspace       used 24835K, capacity 25358K, committed 25728K, reserved 1071104K
  class space    used 3435K, capacity 3663K, committed 3712K, reserved 1048576K
}
Event: 11.705 GC heap before
{Heap before GC invocations=8 (full 1):
 PSYoungGen      total 33280K, used 32186K [0x00000000d5f00000, 0x00000000dad80000, 0x0000000100000000)
  eden space 28160K, 100% used [0x00000000d5f00000,0x00000000d7a80000,0x00000000d7a80000)
  from space 5120K, 78% used [0x00000000d8480000,0x00000000d886e940,0x00000000d8980000)
  to   space 10240K, 0% used [0x00000000d7a80000,0x00000000d7a80000,0x00000000d8480000)
 ParOldGen       total 53248K, used 8574K [0x0000000081c00000, 0x0000000085000000, 0x00000000d5f00000)
  object space 53248K, 16% used [0x0000000081c00000,0x000000008245f8b8,0x0000000085000000)
 Metaspace       used 25555K, capacity 26202K, committed 26368K, reserved 1071104K
  class space    used 3489K, capacity 3740K, committed 3840K, reserved 1048576K
Event: 11.711 GC heap after
Heap after GC invocations=8 (full 1):
 PSYoungGen      total 38400K, used 4032K [0x00000000d5f00000, 0x00000000da400000, 0x0000000100000000)
  eden space 28160K, 0% used [0x00000000d5f00000,0x00000000d5f00000,0x00000000d7a80000)
  from space 10240K, 39% used [0x00000000d7a80000,0x00000000d7e70000,0x00000000d8480000)
  to   space 10752K, 0% used [0x00000000d9980000,0x00000000d9980000,0x00000000da400000)
 ParOldGen       total 53248K, used 8646K [0x0000000081c00000, 0x0000000085000000, 0x00000000d5f00000)
  object space 53248K, 16% used [0x0000000081c00000,0x00000000824718c8,0x0000000085000000)
 Metaspace       used 25555K, capacity 26202K, committed 26368K, reserved 1071104K
  class space    used 3489K, capacity 3740K, committed 3840K, reserved 1048576K
}
Event: 12.154 GC heap before
{Heap before GC invocations=9 (full 1):
 PSYoungGen      total 38400K, used 32192K [0x00000000d5f00000, 0x00000000da400000, 0x0000000100000000)
  eden space 28160K, 100% used [0x00000000d5f00000,0x00000000d7a80000,0x00000000d7a80000)
  from space 10240K, 39% used [0x00000000d7a80000,0x00000000d7e70000,0x00000000d8480000)
  to   space 10752K, 0% used [0x00000000d9980000,0x00000000d9980000,0x00000000da400000)
 ParOldGen       total 53248K, used 8646K [0x0000000081c00000, 0x0000000085000000, 0x00000000d5f00000)
  object space 53248K, 16% used [0x0000000081c00000,0x00000000824718c8,0x0000000085000000)
 Metaspace       used 28150K, capacity 28876K, committed 29056K, reserved 1075200K
  class space    used 3894K, capacity 4166K, committed 4224K, reserved 1048576K
Event: 12.161 GC heap after
Heap after GC invocations=9 (full 1):
 PSYoungGen      total 59904K, used 7438K [0x00000000d5f00000, 0x00000000da400000, 0x0000000100000000)
  eden space 49152K, 0% used [0x00000000d5f00000,0x00000000d5f00000,0x00000000d8f00000)
  from space 10752K, 69% used [0x00000000d9980000,0x00000000da0c3b70,0x00000000da400000)
  to   space 10752K, 0% used [0x00000000d8f00000,0x00000000d8f00000,0x00000000d9980000)
 ParOldGen       total 53248K, used 8654K [0x0000000081c00000, 0x0000000085000000, 0x00000000d5f00000)
  object space 53248K, 16% used [0x0000000081c00000,0x00000000824738c8,0x0000000085000000)
 Metaspace       used 28150K, capacity 28876K, committed 29056K, reserved 1075200K
  class space    used 3894K, capacity 4166K, committed 4224K, reserved 1048576K
}

