# JRE version: Java(TM) SE Runtime Environment (8.0_112-b15) (build 1.8.0_112-b15)
# Java VM: Java HotSpot(TM) 64-Bit Server VM (25.112-b15 mixed mode windows-amd64 compressed oops)
Heap:
 PSYoungGen      total 96256K, used 50351K [0x00000000d5f00000, 0x00000000df000000, 0x0000000100000000)
  eden space 83456K, 60% used [0x00000000d5f00000,0x00000000d902bef8,0x00000000db080000)
  from space 12800K, 0% used [0x00000000db080000,0x00000000db080000,0x00000000dbd00000)
  to   space 16896K, 0% used [0x00000000ddf80000,0x00000000ddf80000,0x00000000df000000)
 ParOldGen       total 58368K, used 28744K [0x0000000081c00000, 0x0000000085500000, 0x00000000d5f00000)
  object space 58368K, 49% used [0x0000000081c00000,0x00000000838122d8,0x0000000085500000)
 Metaspace       used 35859K, capacity 36884K, committed 36952K, reserved 1081344K
  class space    used 4999K, capacity 5404K, committed 5464K, reserved 1048576K
GC Heap History (10 events):
Event: 7.853 GC heap before
{Heap before GC invocations=7 (full 1):
 PSYoungGen      total 38400K, used 33280K [0x00000000d5f00000, 0x00000000db400000, 0x0000000100000000)
  eden space 33280K, 100% used [0x00000000d5f00000,0x00000000d7f80000,0x00000000d7f80000)
  from space 5120K, 0% used [0x00000000d7f80000,0x00000000d7f80000,0x00000000d8480000)
  to   space 10240K, 0% used [0x00000000daa00000,0x00000000daa00000,0x00000000db400000)
 ParOldGen       total 58368K, used 8624K [0x0000000081c00000, 0x0000000085500000, 0x00000000d5f00000)
  object space 58368K, 14% used [0x0000000081c00000,0x000000008246c140,0x0000000085500000)
 Metaspace       used 24794K, capacity 25320K, committed 25728K, reserved 1071104K
  class space    used 3430K, capacity 3630K, committed 3712K, reserved 1048576K
Event: 7.859 GC heap after
Heap after GC invocations=7 (full 1):
 PSYoungGen      total 58368K, used 3884K [0x00000000d5f00000, 0x00000000dae00000, 0x0000000100000000)
  eden space 54272K, 0% used [0x00000000d5f00000,0x00000000d5f00000,0x00000000d9400000)
  from space 4096K, 94% used [0x00000000daa00000,0x00000000dadcb328,0x00000000dae00000)
  to   space 10752K, 0% used [0x00000000d9900000,0x00000000d9900000,0x00000000da380000)
 ParOldGen       total 58368K, used 8696K [0x0000000081c00000, 0x0000000085500000, 0x00000000d5f00000)
  object space 58368K, 14% used [0x0000000081c00000,0x000000008247e150,0x0000000085500000)
 Metaspace       used 24794K, capacity 25320K, committed 25728K, reserved 1071104K
  class space    used 3430K, capacity 3630K, committed 3712K, reserved 1048576K
}
Event: 9.745 GC heap before
{Heap before GC invocations=8 (full 1):
 PSYoungGen      total 58368K, used 58156K [0x00000000d5f00000, 0x00000000dae00000, 0x0000000100000000)
  eden space 54272K, 100% used [0x00000000d5f00000,0x00000000d9400000,0x00000000d9400000)
  from space 4096K, 94% used [0x00000000daa00000,0x00000000dadcb328,0x00000000dae00000)
  to   space 10752K, 0% used [0x00000000d9900000,0x00000000d9900000,0x00000000da380000)
 ParOldGen       total 58368K, used 8696K [0x0000000081c00000, 0x0000000085500000, 0x00000000d5f00000)
  object space 58368K, 14% used [0x0000000081c00000,0x000000008247e150,0x0000000085500000)
 Metaspace       used 28001K, capacity 28652K, committed 28800K, reserved 1073152K
  class space    used 3868K, capacity 4134K, committed 4224K, reserved 1048576K
Event: 9.758 GC heap after
Heap after GC invocations=8 (full 1):
 PSYoungGen      total 70144K, used 7477K [0x00000000d5f00000, 0x00000000dc700000, 0x0000000100000000)
  eden space 59392K, 0% used [0x00000000d5f00000,0x00000000d5f00000,0x00000000d9900000)
  from space 10752K, 69% used [0x00000000d9900000,0x00000000da04d570,0x00000000da380000)
  to   space 10240K, 0% used [0x00000000dbd00000,0x00000000dbd00000,0x00000000dc700000)
 ParOldGen       total 58368K, used 8696K [0x0000000081c00000, 0x0000000085500000, 0x00000000d5f00000)
  object space 58368K, 14% used [0x0000000081c00000,0x000000008247e150,0x0000000085500000)
 Metaspace       used 28001K, capacity 28652K, committed 28800K, reserved 1073152K
  class space    used 3868K, capacity 4134K, committed 4224K, reserved 1048576K
}
Event: 10.457 GC heap before
{Heap before GC invocations=9 (full 1):
 PSYoungGen      total 70144K, used 66869K [0x00000000d5f00000, 0x00000000dc700000, 0x0000000100000000)
  eden space 59392K, 100% used [0x00000000d5f00000,0x00000000d9900000,0x00000000d9900000)
  from space 10752K, 69% used [0x00000000d9900000,0x00000000da04d570,0x00000000da380000)
  to   space 10240K, 0% used [0x00000000dbd00000,0x00000000dbd00000,0x00000000dc700000)
 ParOldGen       total 58368K, used 8696K [0x0000000081c00000, 0x0000000085500000, 0x00000000d5f00000)
  object space 58368K, 14% used [0x0000000081c00000,0x000000008247e150,0x0000000085500000)
 Metaspace       used 30728K, capacity 31648K, committed 31872K, reserved 1077248K
  class space    used 4270K, capacity 4659K, committed 4736K, reserved 1048576K
Event: 10.475 GC heap after
Heap after GC invocations=9 (full 1):
 PSYoungGen      total 93696K, used 10240K [0x00000000d5f00000, 0x00000000dd580000, 0x0000000100000000)
  eden space 83456K, 0% used [0x00000000d5f00000,0x00000000d5f00000,0x00000000db080000)
  from space 10240K, 100% used [0x00000000dbd00000,0x00000000dc700000,0x00000000dc700000)
  to   space 12800K, 0% used [0x00000000db080000,0x00000000db080000,0x00000000dbd00000)
 ParOldGen       total 58368K, used 12049K [0x0000000081c00000, 0x0000000085500000, 0x00000000d5f00000)
  object space 58368K, 20% used [0x0000000081c00000,0x00000000827c4440,0x0000000085500000)
 Metaspace       used 30728K, capacity 31648K, committed 31872K, reserved 1077248K
  class space    used 4270K, capacity 4659K, committed 4736K, reserved 1048576K
}
Event: 11.798 GC heap before
{Heap before GC invocations=10 (full 1):
 PSYoungGen      total 93696K, used 93269K [0x00000000d5f00000, 0x00000000dd580000, 0x0000000100000000)
  eden space 83456K, 99% used [0x00000000d5f00000,0x00000000db0156a0,0x00000000db080000)
  from space 10240K, 100% used [0x00000000dbd00000,0x00000000dc700000,0x00000000dc700000)
  to   space 12800K, 0% used [0x00000000db080000,0x00000000db080000,0x00000000dbd00000)
 ParOldGen       total 58368K, used 12049K [0x0000000081c00000, 0x0000000085500000, 0x00000000d5f00000)
  object space 58368K, 20% used [0x0000000081c00000,0x00000000827c4440,0x0000000085500000)
 Metaspace       used 34358K, capacity 35294K, committed 35416K, reserved 1079296K
  class space    used 4751K, capacity 5143K, committed 5208K, reserved 1048576K
Event: 11.829 GC heap after
Heap after GC invocations=10 (full 1):
 PSYoungGen      total 96256K, used 12780K [0x00000000d5f00000, 0x00000000df000000, 0x0000000100000000)
  eden space 83456K, 0% used [0x00000000d5f00000,0x00000000d5f00000,0x00000000db080000)
  from space 12800K, 99% used [0x00000000db080000,0x00000000dbcfb0c8,0x00000000dbd00000)
  to   space 16896K, 0% used [0x00000000ddf80000,0x00000000ddf80000,0x00000000df000000)
 ParOldGen       total 58368K, used 18502K [0x0000000081c00000, 0x0000000085500000, 0x00000000d5f00000)
  object space 58368K, 31% used [0x0000000081c00000,0x0000000082e11a70,0x0000000085500000)
 Metaspace       used 34358K, capacity 35294K, committed 35416K, reserved 1079296K
  class space    used 4751K, capacity 5143K, committed 5208K, reserved 1048576K
}
Event: 11.829 GC heap before
{Heap before GC invocations=11 (full 2):
 PSYoungGen      total 96256K, used 12780K [0x00000000d5f00000, 0x00000000df000000, 0x0000000100000000)
  eden space 83456K, 0% used [0x00000000d5f00000,0x00000000d5f00000,0x00000000db080000)
  from space 12800K, 99% used [0x00000000db080000,0x00000000dbcfb0c8,0x00000000dbd00000)
  to   space 16896K, 0% used [0x00000000ddf80000,0x00000000ddf80000,0x00000000df000000)
 ParOldGen       total 58368K, used 18502K [0x0000000081c00000, 0x0000000085500000, 0x00000000d5f00000)
  object space 58368K, 31% used [0x0000000081c00000,0x0000000082e11a70,0x0000000085500000)
 Metaspace       used 34358K, capacity 35294K, committed 35416K, reserved 1079296K
  class space    used 4751K, capacity 5143K, committed 5208K, reserved 1048576K
Event: 12.017 GC heap after
Heap after GC invocations=11 (full 2):
 PSYoungGen      total 96256K, used 0K [0x00000000d5f00000, 0x00000000df000000, 0x0000000100000000)
  eden space 83456K, 0% used [0x00000000d5f00000,0x00000000d5f00000,0x00000000db080000)
  from space 12800K, 0% used [0x00000000db080000,0x00000000db080000,0x00000000dbd00000)
  to   space 16896K, 0% used [0x00000000ddf80000,0x00000000ddf80000,0x00000000df000000)
 ParOldGen       total 58368K, used 28744K [0x0000000081c00000, 0x0000000085500000, 0x00000000d5f00000)
  object space 58368K, 49% used [0x0000000081c00000,0x00000000838122d8,0x0000000085500000)
 Metaspace       used 34358K, capacity 35294K, committed 35416K, reserved 1079296K
  class space    used 4751K, capacity 5143K, committed 5208K, reserved 1048576K
}

