# JRE version: Java(TM) SE Runtime Environment (8.0_112-b15) (build 1.8.0_112-b15)
# Java VM: Java HotSpot(TM) 64-Bit Server VM (25.112-b15 mixed mode windows-amd64 compressed oops)
Heap:
 PSYoungGen      total 103936K, used 47692K [0x00000000d5f00000, 0x00000000ddd80000, 0x0000000100000000)
  eden space 93696K, 39% used [0x00000000d5f00000,0x00000000d8396210,0x00000000dba80000)
  from space 10240K, 99% used [0x00000000dc780000,0x00000000dd17d010,0x00000000dd180000)
  to   space 13312K, 0% used [0x00000000dba80000,0x00000000dba80000,0x00000000dc780000)
 ParOldGen       total 55296K, used 12281K [0x0000000081c00000, 0x0000000085200000, 0x00000000d5f00000)
  object space 55296K, 22% used [0x0000000081c00000,0x00000000827fe460,0x0000000085200000)
 Metaspace       used 32968K, capacity 33980K, committed 34176K, reserved 1079296K
  class space    used 4575K, capacity 4968K, committed 4992K, reserved 1048576K
GC Heap History (10 events):
Event: 8.332 GC heap before
{Heap before GC invocations=5 (full 0):
 PSYoungGen      total 38400K, used 19007K [0x00000000d5f00000, 0x00000000d8980000, 0x0000000100000000)
  eden space 33280K, 41% used [0x00000000d5f00000,0x00000000d6c97d20,0x00000000d7f80000)
  from space 5120K, 99% used [0x00000000d8480000,0x00000000d8978030,0x00000000d8980000)
  to   space 5120K, 0% used [0x00000000d7f80000,0x00000000d7f80000,0x00000000d8480000)
 ParOldGen       total 87552K, used 8899K [0x0000000081c00000, 0x0000000087180000, 0x00000000d5f00000)
  object space 87552K, 10% used [0x0000000081c00000,0x00000000824b0dd8,0x0000000087180000)
 Metaspace       used 20712K, capacity 21060K, committed 21248K, reserved 1067008K
  class space    used 2869K, capacity 2999K, committed 3072K, reserved 1048576K
Event: 8.341 GC heap after
Heap after GC invocations=5 (full 0):
 PSYoungGen      total 38400K, used 5088K [0x00000000d5f00000, 0x00000000db400000, 0x0000000100000000)
  eden space 33280K, 0% used [0x00000000d5f00000,0x00000000d5f00000,0x00000000d7f80000)
  from space 5120K, 99% used [0x00000000d7f80000,0x00000000d8478040,0x00000000d8480000)
  to   space 10240K, 0% used [0x00000000daa00000,0x00000000daa00000,0x00000000db400000)
 ParOldGen       total 87552K, used 10625K [0x0000000081c00000, 0x0000000087180000, 0x00000000d5f00000)
  object space 87552K, 12% used [0x0000000081c00000,0x0000000082660770,0x0000000087180000)
 Metaspace       used 20712K, capacity 21060K, committed 21248K, reserved 1067008K
  class space    used 2869K, capacity 2999K, committed 3072K, reserved 1048576K
}
Event: 8.341 GC heap before
{Heap before GC invocations=6 (full 1):
 PSYoungGen      total 38400K, used 5088K [0x00000000d5f00000, 0x00000000db400000, 0x0000000100000000)
  eden space 33280K, 0% used [0x00000000d5f00000,0x00000000d5f00000,0x00000000d7f80000)
  from space 5120K, 99% used [0x00000000d7f80000,0x00000000d8478040,0x00000000d8480000)
  to   space 10240K, 0% used [0x00000000daa00000,0x00000000daa00000,0x00000000db400000)
 ParOldGen       total 87552K, used 10625K [0x0000000081c00000, 0x0000000087180000, 0x00000000d5f00000)
  object space 87552K, 12% used [0x0000000081c00000,0x0000000082660770,0x0000000087180000)
 Metaspace       used 20712K, capacity 21060K, committed 21248K, reserved 1067008K
  class space    used 2869K, capacity 2999K, committed 3072K, reserved 1048576K
Event: 8.396 GC heap after
Heap after GC invocations=6 (full 1):
 PSYoungGen      total 38400K, used 0K [0x00000000d5f00000, 0x00000000db400000, 0x0000000100000000)
  eden space 33280K, 0% used [0x00000000d5f00000,0x00000000d5f00000,0x00000000d7f80000)
  from space 5120K, 0% used [0x00000000d7f80000,0x00000000d7f80000,0x00000000d8480000)
  to   space 10240K, 0% used [0x00000000daa00000,0x00000000daa00000,0x00000000db400000)
 ParOldGen       total 55296K, used 8557K [0x0000000081c00000, 0x0000000085200000, 0x00000000d5f00000)
  object space 55296K, 15% used [0x0000000081c00000,0x000000008245b440,0x0000000085200000)
 Metaspace       used 20712K, capacity 21060K, committed 21248K, reserved 1067008K
  class space    used 2869K, capacity 2999K, committed 3072K, reserved 1048576K
}
Event: 8.954 GC heap before
{Heap before GC invocations=7 (full 1):
 PSYoungGen      total 38400K, used 33280K [0x00000000d5f00000, 0x00000000db400000, 0x0000000100000000)
  eden space 33280K, 100% used [0x00000000d5f00000,0x00000000d7f80000,0x00000000d7f80000)
  from space 5120K, 0% used [0x00000000d7f80000,0x00000000d7f80000,0x00000000d8480000)
  to   space 10240K, 0% used [0x00000000daa00000,0x00000000daa00000,0x00000000db400000)
 ParOldGen       total 55296K, used 8557K [0x0000000081c00000, 0x0000000085200000, 0x00000000d5f00000)
  object space 55296K, 15% used [0x0000000081c00000,0x000000008245b440,0x0000000085200000)
 Metaspace       used 24801K, capacity 25320K, committed 25728K, reserved 1071104K
  class space    used 3430K, capacity 3630K, committed 3712K, reserved 1048576K
Event: 8.959 GC heap after
Heap after GC invocations=7 (full 1):
 PSYoungGen      total 61440K, used 4030K [0x00000000d5f00000, 0x00000000dae00000, 0x0000000100000000)
  eden space 57344K, 0% used [0x00000000d5f00000,0x00000000d5f00000,0x00000000d9700000)
  from space 4096K, 98% used [0x00000000daa00000,0x00000000dadef8e8,0x00000000dae00000)
  to   space 10240K, 0% used [0x00000000d9a00000,0x00000000d9a00000,0x00000000da400000)
 ParOldGen       total 55296K, used 8565K [0x0000000081c00000, 0x0000000085200000, 0x00000000d5f00000)
  object space 55296K, 15% used [0x0000000081c00000,0x000000008245d440,0x0000000085200000)
 Metaspace       used 24801K, capacity 25320K, committed 25728K, reserved 1071104K
  class space    used 3430K, capacity 3630K, committed 3712K, reserved 1048576K
}
Event: 10.922 GC heap before
{Heap before GC invocations=8 (full 1):
 PSYoungGen      total 61440K, used 61374K [0x00000000d5f00000, 0x00000000dae00000, 0x0000000100000000)
  eden space 57344K, 100% used [0x00000000d5f00000,0x00000000d9700000,0x00000000d9700000)
  from space 4096K, 98% used [0x00000000daa00000,0x00000000dadef8e8,0x00000000dae00000)
  to   space 10240K, 0% used [0x00000000d9a00000,0x00000000d9a00000,0x00000000da400000)
 ParOldGen       total 55296K, used 8565K [0x0000000081c00000, 0x0000000085200000, 0x00000000d5f00000)
  object space 55296K, 15% used [0x0000000081c00000,0x000000008245d440,0x0000000085200000)
 Metaspace       used 28239K, capacity 28972K, committed 29056K, reserved 1075200K
  class space    used 3907K, capacity 4198K, committed 4224K, reserved 1048576K
Event: 10.935 GC heap after
Heap after GC invocations=8 (full 1):
 PSYoungGen      total 70656K, used 7761K [0x00000000d5f00000, 0x00000000dd180000, 0x0000000100000000)
  eden space 60416K, 0% used [0x00000000d5f00000,0x00000000d5f00000,0x00000000d9a00000)
  from space 10240K, 75% used [0x00000000d9a00000,0x00000000da194580,0x00000000da400000)
  to   space 10240K, 0% used [0x00000000dc780000,0x00000000dc780000,0x00000000dd180000)
 ParOldGen       total 55296K, used 8637K [0x0000000081c00000, 0x0000000085200000, 0x00000000d5f00000)
  object space 55296K, 15% used [0x0000000081c00000,0x000000008246f450,0x0000000085200000)
 Metaspace       used 28239K, capacity 28972K, committed 29056K, reserved 1075200K
  class space    used 3907K, capacity 4198K, committed 4224K, reserved 1048576K
}
Event: 11.655 GC heap before
{Heap before GC invocations=9 (full 1):
 PSYoungGen      total 70656K, used 68177K [0x00000000d5f00000, 0x00000000dd180000, 0x0000000100000000)
  eden space 60416K, 100% used [0x00000000d5f00000,0x00000000d9a00000,0x00000000d9a00000)
  from space 10240K, 75% used [0x00000000d9a00000,0x00000000da194580,0x00000000da400000)
  to   space 10240K, 0% used [0x00000000dc780000,0x00000000dc780000,0x00000000dd180000)
 ParOldGen       total 55296K, used 8637K [0x0000000081c00000, 0x0000000085200000, 0x00000000d5f00000)
  object space 55296K, 15% used [0x0000000081c00000,0x000000008246f450,0x0000000085200000)
 Metaspace       used 30785K, capacity 31752K, committed 31872K, reserved 1077248K
  class space    used 4283K, capacity 4695K, committed 4736K, reserved 1048576K
Event: 11.668 GC heap after
Heap after GC invocations=9 (full 1):
 PSYoungGen      total 103936K, used 10228K [0x00000000d5f00000, 0x00000000ddd80000, 0x0000000100000000)
  eden space 93696K, 0% used [0x00000000d5f00000,0x00000000d5f00000,0x00000000dba80000)
  from space 10240K, 99% used [0x00000000dc780000,0x00000000dd17d010,0x00000000dd180000)
  to   space 13312K, 0% used [0x00000000dba80000,0x00000000dba80000,0x00000000dc780000)
 ParOldGen       total 55296K, used 12281K [0x0000000081c00000, 0x0000000085200000, 0x00000000d5f00000)
  object space 55296K, 22% used [0x0000000081c00000,0x00000000827fe460,0x0000000085200000)
 Metaspace       used 30785K, capacity 31752K, committed 31872K, reserved 1077248K
  class space    used 4283K, capacity 4695K, committed 4736K, reserved 1048576K
}

